2026-02-11 01:52:43 +01:00: 
2026-02-11 01:52:43 +01:00: > next-better-auth-starter@2.0.0 start
2026-02-11 01:52:43 +01:00: > next start
2026-02-11 01:52:43 +01:00: 
2026-02-11 01:52:43 +01:00:    ▲ Next.js 16.0.10
2026-02-11 01:52:43 +01:00:    - Local:         http://localhost:3000
2026-02-11 01:52:43 +01:00:    - Network:       http://192.168.0.163:3000
2026-02-11 01:52:43 +01:00: 
2026-02-11 01:52:43 +01:00:  ✓ Starting...
2026-02-11 01:52:44 +01:00:  ✓ Ready in 1285ms
2026-02-11 01:52:55 +01:00: Email sent successfully: { data: { id: '1540ad57-c859-4cb6-82c5-36eb884a45e6' }, error: null }
2026-02-11 01:56:41 +01:00: Email sent successfully: { data: { id: '03eda565-8fc1-45c4-abfa-853cf1164add' }, error: null }
2026-02-11 02:03:06 +01:00: 
2026-02-11 02:03:06 +01:00: > next-better-auth-starter@2.0.0 start
2026-02-11 02:03:06 +01:00: > next start
2026-02-11 02:03:06 +01:00: 
2026-02-11 02:03:07 +01:00:    ▲ Next.js 16.0.10
2026-02-11 02:03:07 +01:00:    - Local:         http://localhost:3000
2026-02-11 02:03:07 +01:00:    - Network:       http://192.168.0.163:3000
2026-02-11 02:03:07 +01:00: 
2026-02-11 02:03:07 +01:00:  ✓ Starting...
2026-02-11 02:03:07 +01:00:  ✓ Ready in 1212ms
2026-02-11 07:07:33 +01:00: 
2026-02-11 07:07:33 +01:00: > next-better-auth-starter@2.0.0 start
2026-02-11 07:07:33 +01:00: > next start
2026-02-11 07:07:33 +01:00: 
2026-02-11 07:07:34 +01:00:    ▲ Next.js 16.0.10
2026-02-11 07:07:34 +01:00:    - Local:         http://localhost:3000
2026-02-11 07:07:34 +01:00:    - Network:       http://192.168.0.163:3000
2026-02-11 07:07:34 +01:00: 
2026-02-11 07:07:34 +01:00:  ✓ Starting...
2026-02-11 07:07:35 +01:00:  ✓ Ready in 1291ms
